<?xml version="1.0" encoding="UTF-8"?>
<testsuite name="edu.austral.ingsis.v1.TokenCleanUpTest" tests="1" skipped="0" failures="0" errors="0" timestamp="2021-04-23T04:29:14" hostname="Rocios-Air.lan" time="0.137">
  <properties/>
  <testcase name="[1] find-operators" classname="edu.austral.ingsis.v1.TokenCleanUpTest" time="0.137"/>
  <system-out><![CDATA[]]></system-out>
  <system-err><![CDATA[]]></system-err>
</testsuite>
