<?xml version="1.0" encoding="UTF-8"?>
<testsuite name="edu.austral.ingsis.v2.Find11Tokens" tests="2" skipped="0" failures="0" errors="0" timestamp="2021-04-23T04:29:14" hostname="Rocios-Air.lan" time="0.021">
  <properties/>
  <testcase name="[1] find-keyword" classname="edu.austral.ingsis.v2.Find11Tokens" time="0.009"/>
  <testcase name="[2] find-non-operators" classname="edu.austral.ingsis.v2.Find11Tokens" time="0.006"/>
  <system-out><![CDATA[]]></system-out>
  <system-err><![CDATA[]]></system-err>
</testsuite>
