<?xml version="1.0" encoding="UTF-8"?>
<testsuite name="edu.austral.ingsis.v1.LexerFileTest" tests="4" skipped="0" failures="0" errors="0" timestamp="2021-05-07T20:07:25" hostname="katias-mbp-2.lan" time="0.054">
  <properties/>
  <testcase name="[1] happy-path" classname="edu.austral.ingsis.v1.LexerFileTest" time="0.037"/>
  <testcase name="[2] no-enters" classname="edu.austral.ingsis.v1.LexerFileTest" time="0.004"/>
  <testcase name="[3] number-case" classname="edu.austral.ingsis.v1.LexerFileTest" time="0.004"/>
  <testcase name="[4] string-case" classname="edu.austral.ingsis.v1.LexerFileTest" time="0.004"/>
  <system-out><![CDATA[]]></system-out>
  <system-err><![CDATA[]]></system-err>
</testsuite>
