<?xml version="1.0" encoding="UTF-8"?>
<testsuite name="edu.austral.ingsis.v2.LexerPathTest" tests="2" skipped="0" failures="0" errors="0" timestamp="2021-05-04T02:47:11" hostname="Rocios-Air.lan" time="0.021">
  <properties/>
  <testcase name="[1] boolean-case" classname="edu.austral.ingsis.v2.LexerPathTest" time="0.014"/>
  <testcase name="[2] if-case" classname="edu.austral.ingsis.v2.LexerPathTest" time="0.005"/>
  <system-out><![CDATA[]]></system-out>
  <system-err><![CDATA[]]></system-err>
</testsuite>
