<?xml version="1.0" encoding="UTF-8"?>
<testsuite name="edu.austral.ingsis.v2.LexerPathTest" tests="2" skipped="0" failures="0" errors="0" timestamp="2021-05-07T20:07:25" hostname="katias-mbp-2.lan" time="0.008">
  <properties/>
  <testcase name="[1] boolean-case" classname="edu.austral.ingsis.v2.LexerPathTest" time="0.005"/>
  <testcase name="[2] if-case" classname="edu.austral.ingsis.v2.LexerPathTest" time="0.002"/>
  <system-out><![CDATA[]]></system-out>
  <system-err><![CDATA[]]></system-err>
</testsuite>
