<?xml version="1.0" encoding="UTF-8"?>
<testsuite name="edu.austral.ingsis.v1.LexerFileTest" tests="4" skipped="0" failures="0" errors="0" timestamp="2021-05-04T02:47:11" hostname="Rocios-Air.lan" time="0.089">
  <properties/>
  <testcase name="[1] happy-path" classname="edu.austral.ingsis.v1.LexerFileTest" time="0.056"/>
  <testcase name="[2] no-enters" classname="edu.austral.ingsis.v1.LexerFileTest" time="0.009"/>
  <testcase name="[3] number-case" classname="edu.austral.ingsis.v1.LexerFileTest" time="0.008"/>
  <testcase name="[4] string-case" classname="edu.austral.ingsis.v1.LexerFileTest" time="0.007"/>
  <system-out><![CDATA[]]></system-out>
  <system-err><![CDATA[]]></system-err>
</testsuite>
