<?xml version="1.0" encoding="UTF-8"?>
<testsuite name="edu.austral.ingsis.v2.LexerPathTest" tests="2" skipped="0" failures="0" errors="0" timestamp="2021-04-21T04:48:08" hostname="katias-mbp-2.lan" time="0.004">
  <properties/>
  <testcase name="testPrintStatement[0]" classname="edu.austral.ingsis.v2.LexerPathTest" time="0.002"/>
  <testcase name="testPrintStatement[1]" classname="edu.austral.ingsis.v2.LexerPathTest" time="0.002"/>
  <system-out><![CDATA[]]></system-out>
  <system-err><![CDATA[]]></system-err>
</testsuite>
