<?xml version="1.0" encoding="UTF-8"?>
<testsuite name="edu.austral.ingsis.v1.LexerLineTest" tests="1" skipped="0" failures="0" errors="0" timestamp="2021-05-04T02:47:11" hostname="Rocios-Air.lan" time="0.02">
  <properties/>
  <testcase name="[1] happy-line" classname="edu.austral.ingsis.v1.LexerLineTest" time="0.02"/>
  <system-out><![CDATA[]]></system-out>
  <system-err><![CDATA[]]></system-err>
</testsuite>
