<?xml version="1.0" encoding="UTF-8"?>
<testsuite name="edu.austral.ingsis.v1.LexerLineTest" tests="1" skipped="0" failures="0" errors="0" timestamp="2021-05-07T20:07:25" hostname="katias-mbp-2.lan" time="0.007">
  <properties/>
  <testcase name="[1] happy-line" classname="edu.austral.ingsis.v1.LexerLineTest" time="0.007"/>
  <system-out><![CDATA[]]></system-out>
  <system-err><![CDATA[]]></system-err>
</testsuite>
