<?xml version="1.0" encoding="UTF-8"?>
<testsuite name="edu.austral.ingsis.v1.LexerFailTest" tests="2" skipped="0" failures="0" errors="0" timestamp="2021-05-04T02:47:11" hostname="Rocios-Air.lan" time="0.097">
  <properties/>
  <testcase name="[1] unhappy-path" classname="edu.austral.ingsis.v1.LexerFailTest" time="0.076"/>
  <testcase name="[2] unhappy-path-colons" classname="edu.austral.ingsis.v1.LexerFailTest" time="0.012"/>
  <system-out><![CDATA[]]></system-out>
  <system-err><![CDATA[]]></system-err>
</testsuite>
