<?xml version="1.0" encoding="UTF-8"?>
<testsuite name="edu.austral.ingsis.v1.SpaceRemoverTest" tests="3" skipped="0" failures="0" errors="0" timestamp="2021-04-21T04:48:08" hostname="katias-mbp-2.lan" time="0.027">
  <properties/>
  <testcase name="testPrintStatement[0]" classname="edu.austral.ingsis.v1.SpaceRemoverTest" time="0.025"/>
  <testcase name="testPrintStatement[1]" classname="edu.austral.ingsis.v1.SpaceRemoverTest" time="0.001"/>
  <testcase name="testPrintStatement[2]" classname="edu.austral.ingsis.v1.SpaceRemoverTest" time="0.001"/>
  <system-out><![CDATA[]]></system-out>
  <system-err><![CDATA[]]></system-err>
</testsuite>
