<?xml version="1.0" encoding="UTF-8"?>
<testsuite name="edu.austral.ingsis.v1.LexerFailTest" tests="2" skipped="0" failures="0" errors="0" timestamp="2021-05-07T20:07:25" hostname="katias-mbp-2.lan" time="0.025">
  <properties/>
  <testcase name="[1] unhappy-path" classname="edu.austral.ingsis.v1.LexerFailTest" time="0.022"/>
  <testcase name="[2] unhappy-path-colons" classname="edu.austral.ingsis.v1.LexerFailTest" time="0.001"/>
  <system-out><![CDATA[]]></system-out>
  <system-err><![CDATA[]]></system-err>
</testsuite>
