<?xml version="1.0" encoding="UTF-8"?>
<testsuite name="edu.austral.ingsis.v1.ValidateFailExecutorTest" tests="4" skipped="0" failures="0" errors="0" timestamp="2021-05-04T02:44:04" hostname="Rocios-Air.lan" time="0.294">
  <properties/>
  <testcase name="[1] validate-missing-semicolon" classname="edu.austral.ingsis.v1.ValidateFailExecutorTest" time="0.197"/>
  <testcase name="[2] validate-type-mismatch" classname="edu.austral.ingsis.v1.ValidateFailExecutorTest" time="0.073"/>
  <testcase name="[3] validate-invalid-token" classname="edu.austral.ingsis.v1.ValidateFailExecutorTest" time="0.006"/>
  <testcase name="[4] validate-invalid-pattern" classname="edu.austral.ingsis.v1.ValidateFailExecutorTest" time="0.006"/>
  <system-out><![CDATA[(x, number)
]]></system-out>
  <system-err><![CDATA[]]></system-err>
</testsuite>
