<?xml version="1.0" encoding="UTF-8"?>
<testsuite name="edu.austral.ingsis.v2.ValidateExecutorTest" tests="2" skipped="0" failures="0" errors="0" timestamp="2021-05-04T02:44:04" hostname="Rocios-Air.lan" time="0.014">
  <properties/>
  <testcase name="[1] validate-const-case" classname="edu.austral.ingsis.v2.ValidateExecutorTest" time="0.005"/>
  <testcase name="[2] validate-if-case" classname="edu.austral.ingsis.v2.ValidateExecutorTest" time="0.007"/>
  <system-out><![CDATA[]]></system-out>
  <system-err><![CDATA[]]></system-err>
</testsuite>
