<?xml version="1.0" encoding="UTF-8"?>
<testsuite name="edu.austral.ingsis.v2.InterpretFailExecutorTest" tests="2" skipped="0" failures="0" errors="0" timestamp="2021-05-04T02:44:04" hostname="Rocios-Air.lan" time="0.016">
  <properties/>
  <testcase name="[1] interpret-invalid-param-if" classname="edu.austral.ingsis.v2.InterpretFailExecutorTest" time="0.01"/>
  <testcase name="[2] interpret-reassign-const" classname="edu.austral.ingsis.v2.InterpretFailExecutorTest" time="0.003"/>
  <system-out><![CDATA[]]></system-out>
  <system-err><![CDATA[]]></system-err>
</testsuite>
