<?xml version="1.0" encoding="UTF-8"?>
<testsuite name="edu.austral.ingsis.v1.ValidateExecutorTest" tests="2" skipped="0" failures="0" errors="0" timestamp="2021-05-04T02:44:04" hostname="Rocios-Air.lan" time="0.021">
  <properties/>
  <testcase name="[1] validate-happy-path" classname="edu.austral.ingsis.v1.ValidateExecutorTest" time="0.007"/>
  <testcase name="[2] validate-type-change" classname="edu.austral.ingsis.v1.ValidateExecutorTest" time="0.01"/>
  <system-out><![CDATA[]]></system-out>
  <system-err><![CDATA[]]></system-err>
</testsuite>
