<?xml version="1.0" encoding="UTF-8"?>
<testsuite name="edu.austral.ingsis.v1.InterpretFailExecutorTest" tests="1" skipped="0" failures="0" errors="0" timestamp="2021-05-04T02:44:04" hostname="Rocios-Air.lan" time="0.007">
  <properties/>
  <testcase name="[1] interpret-invalid" classname="edu.austral.ingsis.v1.InterpretFailExecutorTest" time="0.007"/>
  <system-out><![CDATA[]]></system-out>
  <system-err><![CDATA[]]></system-err>
</testsuite>
