<?xml version="1.0" encoding="UTF-8"?>
<testsuite name="edu.austral.ingsis.v1.ParserInvalidTest" tests="3" skipped="0" failures="0" errors="0" timestamp="2021-04-23T02:47:53" hostname="Rocios-Air.lan" time="0.38">
  <properties/>
  <testcase name="[1] number-type-mismatch" classname="edu.austral.ingsis.v1.ParserInvalidTest" time="0.279"/>
  <testcase name="[2] string-type-mismatch" classname="edu.austral.ingsis.v1.ParserInvalidTest" time="0.004"/>
  <testcase name="[3] invalid-pattern" classname="edu.austral.ingsis.v1.ParserInvalidTest" time="0.045"/>
  <system-out><![CDATA[]]></system-out>
  <system-err><![CDATA[]]></system-err>
</testsuite>
