<?xml version="1.0" encoding="UTF-8"?>
<testsuite name="edu.austral.ingsis.ParserTest" tests="6" skipped="0" failures="0" errors="0" timestamp="2021-04-23T02:47:53" hostname="Rocios-Air.lan" time="0.089">
  <properties/>
  <testcase name="testParse()" classname="edu.austral.ingsis.ParserTest" time="0.01"/>
  <testcase name="testParseWithCreatedVariableAndTypeMatch()" classname="edu.austral.ingsis.ParserTest" time="0.005"/>
  <testcase name="testParseWithCreatedVariableAndTypeMismatch()" classname="edu.austral.ingsis.ParserTest" time="0.005"/>
  <testcase name="testParseWithTypeMismatch()" classname="edu.austral.ingsis.ParserTest" time="0.006"/>
  <testcase name="testParseWithEmptyNamedVariable()" classname="edu.austral.ingsis.ParserTest" time="0.01"/>
  <testcase name="testParseWithWrongPattern()" classname="edu.austral.ingsis.ParserTest" time="0.023"/>
  <system-out><![CDATA[]]></system-out>
  <system-err><![CDATA[]]></system-err>
</testsuite>
